# JRE version: Java(TM) SE Runtime Environment (8.0_401) (build 1.8.0_401-b10)
# Java VM: Java HotSpot(TM) 64-Bit Server VM (25.401-b10 mixed mode windows-amd64 compressed oops)
Heap:
 PSYoungGen      total 691712K, used 500221K [0x00000000d5580000, 0x0000000100000000, 0x0000000100000000)
  eden space 685568K, 72% used [0x00000000d5580000,0x00000000f3a175f8,0x00000000ff300000)
  from space 6144K, 65% used [0x00000000ff300000,0x00000000ff6e8000,0x00000000ff900000)
  to   space 6656K, 0% used [0x00000000ff980000,0x00000000ff980000,0x0000000100000000)
 ParOldGen       total 231936K, used 147012K [0x0000000080000000, 0x000000008e280000, 0x00000000d5580000)
  object space 231936K, 63% used [0x0000000080000000,0x0000000088f91210,0x000000008e280000)
 Metaspace       used 327512K, capacity 489637K, committed 489856K, reserved 1349632K
  class space    used 137812K, capacity 189542K, committed 189568K, reserved 1048576K
GC Heap History (10 events):
Event: 87.073 GC heap before
{Heap before GC invocations=235 (full 54):
 PSYoungGen      total 691200K, used 288K [0x00000000d5580000, 0x00000000fff80000, 0x0000000100000000)
  eden space 684032K, 0% used [0x00000000d5580000,0x00000000d5580000,0x00000000ff180000)
  from space 7168K, 4% used [0x00000000ff180000,0x00000000ff1c8000,0x00000000ff880000)
  to   space 7168K, 0% used [0x00000000ff880000,0x00000000ff880000,0x00000000fff80000)
 ParOldGen       total 231936K, used 145309K [0x0000000080000000, 0x000000008e280000, 0x00000000d5580000)
  object space 231936K, 62% used [0x0000000080000000,0x0000000088de77b8,0x000000008e280000)
 Metaspace       used 321049K, capacity 478633K, committed 478848K, reserved 1343488K
  class space    used 135264K, capacity 185674K, committed 185728K, reserved 1048576K
Event: 87.263 GC heap after
Heap after GC invocations=235 (full 54):
 PSYoungGen      total 691200K, used 0K [0x00000000d5580000, 0x00000000fff80000, 0x0000000100000000)
  eden space 684032K, 0% used [0x00000000d5580000,0x00000000d5580000,0x00000000ff180000)
  from space 7168K, 0% used [0x00000000ff180000,0x00000000ff180000,0x00000000ff880000)
  to   space 7168K, 0% used [0x00000000ff880000,0x00000000ff880000,0x00000000fff80000)
 ParOldGen       total 231936K, used 144700K [0x0000000080000000, 0x000000008e280000, 0x00000000d5580000)
  object space 231936K, 62% used [0x0000000080000000,0x0000000088d4f210,0x000000008e280000)
 Metaspace       used 321049K, capacity 478633K, committed 478848K, reserved 1343488K
  class space    used 135264K, capacity 185674K, committed 185728K, reserved 1048576K
}
Event: 87.639 GC heap before
{Heap before GC invocations=236 (full 54):
 PSYoungGen      total 691200K, used 684032K [0x00000000d5580000, 0x00000000fff80000, 0x0000000100000000)
  eden space 684032K, 100% used [0x00000000d5580000,0x00000000ff180000,0x00000000ff180000)
  from space 7168K, 0% used [0x00000000ff180000,0x00000000ff180000,0x00000000ff880000)
  to   space 7168K, 0% used [0x00000000ff880000,0x00000000ff880000,0x00000000fff80000)
 ParOldGen       total 231936K, used 144700K [0x0000000080000000, 0x000000008e280000, 0x00000000d5580000)
  object space 231936K, 62% used [0x0000000080000000,0x0000000088d4f210,0x000000008e280000)
 Metaspace       used 321073K, capacity 478665K, committed 478848K, reserved 1343488K
  class space    used 135264K, capacity 185674K, committed 185728K, reserved 1048576K
Event: 87.653 GC heap after
Heap after GC invocations=236 (full 54):
 PSYoungGen      total 691200K, used 864K [0x00000000d5580000, 0x00000000fff00000, 0x0000000100000000)
  eden space 684544K, 0% used [0x00000000d5580000,0x00000000d5580000,0x00000000ff200000)
  from space 6656K, 12% used [0x00000000ff880000,0x00000000ff958000,0x00000000fff00000)
  to   space 6656K, 0% used [0x00000000ff200000,0x00000000ff200000,0x00000000ff880000)
 ParOldGen       total 231936K, used 144700K [0x0000000080000000, 0x000000008e280000, 0x00000000d5580000)
  object space 231936K, 62% used [0x0000000080000000,0x0000000088d4f210,0x000000008e280000)
 Metaspace       used 321073K, capacity 478665K, committed 478848K, reserved 1343488K
  class space    used 135264K, capacity 185674K, committed 185728K, reserved 1048576K
}
Event: 88.027 GC heap before
{Heap before GC invocations=237 (full 54):
 PSYoungGen      total 691200K, used 685408K [0x00000000d5580000, 0x00000000fff00000, 0x0000000100000000)
  eden space 684544K, 100% used [0x00000000d5580000,0x00000000ff200000,0x00000000ff200000)
  from space 6656K, 12% used [0x00000000ff880000,0x00000000ff958000,0x00000000fff00000)
  to   space 6656K, 0% used [0x00000000ff200000,0x00000000ff200000,0x00000000ff880000)
 ParOldGen       total 231936K, used 144700K [0x0000000080000000, 0x000000008e280000, 0x00000000d5580000)
  object space 231936K, 62% used [0x0000000080000000,0x0000000088d4f210,0x000000008e280000)
 Metaspace       used 321097K, capacity 478741K, committed 478848K, reserved 1343488K
  class space    used 135264K, capacity 185674K, committed 185728K, reserved 1048576K
Event: 88.044 GC heap after
Heap after GC invocations=237 (full 54):
 PSYoungGen      total 691200K, used 736K [0x00000000d5580000, 0x0000000100000000, 0x0000000100000000)
  eden space 684544K, 0% used [0x00000000d5580000,0x00000000d5580000,0x00000000ff200000)
  from space 6656K, 11% used [0x00000000ff200000,0x00000000ff2b8000,0x00000000ff880000)
  to   space 6656K, 0% used [0x00000000ff980000,0x00000000ff980000,0x0000000100000000)
 ParOldGen       total 231936K, used 145124K [0x0000000080000000, 0x000000008e280000, 0x00000000d5580000)
  object space 231936K, 62% used [0x0000000080000000,0x0000000088db9210,0x000000008e280000)
 Metaspace       used 321097K, capacity 478741K, committed 478848K, reserved 1343488K
  class space    used 135264K, capacity 185674K, committed 185728K, reserved 1048576K
}
Event: 88.452 GC heap before
{Heap before GC invocations=238 (full 54):
 PSYoungGen      total 691200K, used 685280K [0x00000000d5580000, 0x0000000100000000, 0x0000000100000000)
  eden space 684544K, 100% used [0x00000000d5580000,0x00000000ff200000,0x00000000ff200000)
  from space 6656K, 11% used [0x00000000ff200000,0x00000000ff2b8000,0x00000000ff880000)
  to   space 6656K, 0% used [0x00000000ff980000,0x00000000ff980000,0x0000000100000000)
 ParOldGen       total 231936K, used 145124K [0x0000000080000000, 0x000000008e280000, 0x00000000d5580000)
  object space 231936K, 62% used [0x0000000080000000,0x0000000088db9210,0x000000008e280000)
 Metaspace       used 321103K, capacity 478745K, committed 478848K, reserved 1343488K
  class space    used 135264K, capacity 185674K, committed 185728K, reserved 1048576K
Event: 88.467 GC heap after
Heap after GC invocations=238 (full 54):
 PSYoungGen      total 691200K, used 1952K [0x00000000d5580000, 0x00000000fff00000, 0x0000000100000000)
  eden space 685568K, 0% used [0x00000000d5580000,0x00000000d5580000,0x00000000ff300000)
  from space 5632K, 34% used [0x00000000ff980000,0x00000000ffb68000,0x00000000fff00000)
  to   space 6144K, 0% used [0x00000000ff300000,0x00000000ff300000,0x00000000ff900000)
 ParOldGen       total 231936K, used 145340K [0x0000000080000000, 0x000000008e280000, 0x00000000d5580000)
  object space 231936K, 62% used [0x0000000080000000,0x0000000088def210,0x000000008e280000)
 Metaspace       used 321103K, capacity 478745K, committed 478848K, reserved 1343488K
  class space    used 135264K, capacity 185674K, committed 185728K, reserved 1048576K
}
Event: 88.624 GC heap before
{Heap before GC invocations=239 (full 54):
 PSYoungGen      total 691200K, used 687520K [0x00000000d5580000, 0x00000000fff00000, 0x0000000100000000)
  eden space 685568K, 100% used [0x00000000d5580000,0x00000000ff300000,0x00000000ff300000)
  from space 5632K, 34% used [0x00000000ff980000,0x00000000ffb68000,0x00000000fff00000)
  to   space 6144K, 0% used [0x00000000ff300000,0x00000000ff300000,0x00000000ff900000)
 ParOldGen       total 231936K, used 145340K [0x0000000080000000, 0x000000008e280000, 0x00000000d5580000)
  object space 231936K, 62% used [0x0000000080000000,0x0000000088def210,0x000000008e280000)
 Metaspace       used 321112K, capacity 478757K, committed 478848K, reserved 1343488K
  class space    used 135264K, capacity 185674K, committed 185728K, reserved 1048576K
Event: 88.641 GC heap after
Heap after GC invocations=239 (full 54):
 PSYoungGen      total 691712K, used 4000K [0x00000000d5580000, 0x0000000100000000, 0x0000000100000000)
  eden space 685568K, 0% used [0x00000000d5580000,0x00000000d5580000,0x00000000ff300000)
  from space 6144K, 65% used [0x00000000ff300000,0x00000000ff6e8000,0x00000000ff900000)
  to   space 6656K, 0% used [0x00000000ff980000,0x00000000ff980000,0x0000000100000000)
 ParOldGen       total 231936K, used 147012K [0x0000000080000000, 0x000000008e280000, 0x00000000d5580000)
  object space 231936K, 63% used [0x0000000080000000,0x0000000088f91210,0x000000008e280000)
 Metaspace       used 321112K, capacity 478757K, committed 478848K, reserved 1343488K
  class space    used 135264K, capacity 185674K, committed 185728K, reserved 1048576K
}

