# JRE version: Java(TM) SE Runtime Environment (8.0_401) (build 1.8.0_401-b10)
# Java VM: Java HotSpot(TM) 64-Bit Server VM (25.401-b10 mixed mode windows-amd64 compressed oops)
Heap:
 PSYoungGen      total 689152K, used 498861K [0x00000000d5580000, 0x00000000ffe00000, 0x0000000100000000)
  eden space 680448K, 72% used [0x00000000d5580000,0x00000000f3a47518,0x00000000fee00000)
  from space 8704K, 28% used [0x00000000fee00000,0x00000000ff064128,0x00000000ff680000)
  to   space 7680K, 0% used [0x00000000ff680000,0x00000000ff680000,0x00000000ffe00000)
 ParOldGen       total 219136K, used 141595K [0x0000000080000000, 0x000000008d600000, 0x00000000d5580000)
  object space 219136K, 64% used [0x0000000080000000,0x0000000088a46eb8,0x000000008d600000)
 Metaspace       used 316163K, capacity 471759K, committed 471808K, reserved 1339392K
  class space    used 133017K, capacity 182736K, committed 182784K, reserved 1048576K
GC Heap History (10 events):
Event: 76.743 GC heap before
{Heap before GC invocations=207 (full 42):
 PSYoungGen      total 687104K, used 677664K [0x00000000d5580000, 0x0000000100000000, 0x0000000100000000)
  eden space 676352K, 100% used [0x00000000d5580000,0x00000000fea00000,0x00000000fea00000)
  from space 10752K, 12% used [0x00000000ff400000,0x00000000ff548000,0x00000000ffe80000)
  to   space 10240K, 0% used [0x00000000fea00000,0x00000000fea00000,0x00000000ff400000)
 ParOldGen       total 219136K, used 137259K [0x0000000080000000, 0x000000008d600000, 0x00000000d5580000)
  object space 219136K, 62% used [0x0000000080000000,0x000000008860aeb8,0x000000008d600000)
 Metaspace       used 307686K, capacity 458531K, committed 458752K, reserved 1331200K
  class space    used 129363K, capacity 177616K, committed 177664K, reserved 1048576K
Event: 76.759 GC heap after
Heap after GC invocations=207 (full 42):
 PSYoungGen      total 686592K, used 992K [0x00000000d5580000, 0x00000000ffe80000, 0x0000000100000000)
  eden space 676352K, 0% used [0x00000000d5580000,0x00000000d5580000,0x00000000fea00000)
  from space 10240K, 9% used [0x00000000fea00000,0x00000000feaf8000,0x00000000ff400000)
  to   space 9728K, 0% used [0x00000000ff500000,0x00000000ff500000,0x00000000ffe80000)
 ParOldGen       total 219136K, used 138331K [0x0000000080000000, 0x000000008d600000, 0x00000000d5580000)
  object space 219136K, 63% used [0x0000000080000000,0x0000000088716eb8,0x000000008d600000)
 Metaspace       used 307686K, capacity 458531K, committed 458752K, reserved 1331200K
  class space    used 129363K, capacity 177616K, committed 177664K, reserved 1048576K
}
Event: 76.962 GC heap before
{Heap before GC invocations=208 (full 42):
 PSYoungGen      total 686592K, used 677344K [0x00000000d5580000, 0x00000000ffe80000, 0x0000000100000000)
  eden space 676352K, 100% used [0x00000000d5580000,0x00000000fea00000,0x00000000fea00000)
  from space 10240K, 9% used [0x00000000fea00000,0x00000000feaf8000,0x00000000ff400000)
  to   space 9728K, 0% used [0x00000000ff500000,0x00000000ff500000,0x00000000ffe80000)
 ParOldGen       total 219136K, used 138331K [0x0000000080000000, 0x000000008d600000, 0x00000000d5580000)
  object space 219136K, 63% used [0x0000000080000000,0x0000000088716eb8,0x000000008d600000)
 Metaspace       used 307711K, capacity 458563K, committed 458752K, reserved 1331200K
  class space    used 129363K, capacity 177616K, committed 177664K, reserved 1048576K
Event: 76.978 GC heap after
Heap after GC invocations=208 (full 42):
 PSYoungGen      total 688128K, used 1056K [0x00000000d5580000, 0x00000000ffe80000, 0x0000000100000000)
  eden space 678400K, 0% used [0x00000000d5580000,0x00000000d5580000,0x00000000fec00000)
  from space 9728K, 10% used [0x00000000ff500000,0x00000000ff608000,0x00000000ffe80000)
  to   space 9216K, 0% used [0x00000000fec00000,0x00000000fec00000,0x00000000ff500000)
 ParOldGen       total 219136K, used 138987K [0x0000000080000000, 0x000000008d600000, 0x00000000d5580000)
  object space 219136K, 63% used [0x0000000080000000,0x00000000887baeb8,0x000000008d600000)
 Metaspace       used 307711K, capacity 458563K, committed 458752K, reserved 1331200K
  class space    used 129363K, capacity 177616K, committed 177664K, reserved 1048576K
}
Event: 77.227 GC heap before
{Heap before GC invocations=209 (full 42):
 PSYoungGen      total 688128K, used 679456K [0x00000000d5580000, 0x00000000ffe80000, 0x0000000100000000)
  eden space 678400K, 100% used [0x00000000d5580000,0x00000000fec00000,0x00000000fec00000)
  from space 9728K, 10% used [0x00000000ff500000,0x00000000ff608000,0x00000000ffe80000)
  to   space 9216K, 0% used [0x00000000fec00000,0x00000000fec00000,0x00000000ff500000)
 ParOldGen       total 219136K, used 138987K [0x0000000080000000, 0x000000008d600000, 0x00000000d5580000)
  object space 219136K, 63% used [0x0000000080000000,0x00000000887baeb8,0x000000008d600000)
 Metaspace       used 307723K, capacity 458575K, committed 458752K, reserved 1331200K
  class space    used 129363K, capacity 177616K, committed 177664K, reserved 1048576K
Event: 77.246 GC heap after
Heap after GC invocations=209 (full 42):
 PSYoungGen      total 687616K, used 928K [0x00000000d5580000, 0x00000000fff80000, 0x0000000100000000)
  eden space 678400K, 0% used [0x00000000d5580000,0x00000000d5580000,0x00000000fec00000)
  from space 9216K, 10% used [0x00000000fec00000,0x00000000fece8000,0x00000000ff500000)
  to   space 9216K, 0% used [0x00000000ff680000,0x00000000ff680000,0x00000000fff80000)
 ParOldGen       total 219136K, used 139603K [0x0000000080000000, 0x000000008d600000, 0x00000000d5580000)
  object space 219136K, 63% used [0x0000000080000000,0x0000000088854eb8,0x000000008d600000)
 Metaspace       used 307723K, capacity 458575K, committed 458752K, reserved 1331200K
  class space    used 129363K, capacity 177616K, committed 177664K, reserved 1048576K
}
Event: 77.786 GC heap before
{Heap before GC invocations=210 (full 42):
 PSYoungGen      total 687616K, used 679328K [0x00000000d5580000, 0x00000000fff80000, 0x0000000100000000)
  eden space 678400K, 100% used [0x00000000d5580000,0x00000000fec00000,0x00000000fec00000)
  from space 9216K, 10% used [0x00000000fec00000,0x00000000fece8000,0x00000000ff500000)
  to   space 9216K, 0% used [0x00000000ff680000,0x00000000ff680000,0x00000000fff80000)
 ParOldGen       total 219136K, used 139603K [0x0000000080000000, 0x000000008d600000, 0x00000000d5580000)
  object space 219136K, 63% used [0x0000000080000000,0x0000000088854eb8,0x000000008d600000)
 Metaspace       used 308657K, capacity 460237K, committed 460416K, reserved 1331200K
  class space    used 129742K, capacity 178206K, committed 178304K, reserved 1048576K
Event: 77.810 GC heap after
Heap after GC invocations=210 (full 42):
 PSYoungGen      total 689152K, used 1968K [0x00000000d5580000, 0x00000000fff00000, 0x0000000100000000)
  eden space 680448K, 0% used [0x00000000d5580000,0x00000000d5580000,0x00000000fee00000)
  from space 8704K, 22% used [0x00000000ff680000,0x00000000ff86c340,0x00000000fff00000)
  to   space 8704K, 0% used [0x00000000fee00000,0x00000000fee00000,0x00000000ff680000)
 ParOldGen       total 219136K, used 140267K [0x0000000080000000, 0x000000008d600000, 0x00000000d5580000)
  object space 219136K, 64% used [0x0000000080000000,0x00000000888faeb8,0x000000008d600000)
 Metaspace       used 308657K, capacity 460237K, committed 460416K, reserved 1331200K
  class space    used 129742K, capacity 178206K, committed 178304K, reserved 1048576K
}
Event: 78.902 GC heap before
{Heap before GC invocations=211 (full 42):
 PSYoungGen      total 689152K, used 682416K [0x00000000d5580000, 0x00000000fff00000, 0x0000000100000000)
  eden space 680448K, 100% used [0x00000000d5580000,0x00000000fee00000,0x00000000fee00000)
  from space 8704K, 22% used [0x00000000ff680000,0x00000000ff86c340,0x00000000fff00000)
  to   space 8704K, 0% used [0x00000000fee00000,0x00000000fee00000,0x00000000ff680000)
 ParOldGen       total 219136K, used 140267K [0x0000000080000000, 0x000000008d600000, 0x00000000d5580000)
  object space 219136K, 64% used [0x0000000080000000,0x00000000888faeb8,0x000000008d600000)
 Metaspace       used 311136K, capacity 464151K, committed 464256K, reserved 1333248K
  class space    used 130845K, capacity 179752K, committed 179840K, reserved 1048576K
Event: 78.966 GC heap after
Heap after GC invocations=211 (full 42):
 PSYoungGen      total 689152K, used 2448K [0x00000000d5580000, 0x00000000ffe00000, 0x0000000100000000)
  eden space 680448K, 0% used [0x00000000d5580000,0x00000000d5580000,0x00000000fee00000)
  from space 8704K, 28% used [0x00000000fee00000,0x00000000ff064128,0x00000000ff680000)
  to   space 7680K, 0% used [0x00000000ff680000,0x00000000ff680000,0x00000000ffe00000)
 ParOldGen       total 219136K, used 141595K [0x0000000080000000, 0x000000008d600000, 0x00000000d5580000)
  object space 219136K, 64% used [0x0000000080000000,0x0000000088a46eb8,0x000000008d600000)
 Metaspace       used 311136K, capacity 464151K, committed 464256K, reserved 1333248K
  class space    used 130845K, capacity 179752K, committed 179840K, reserved 1048576K
}

