# JRE version: Java(TM) SE Runtime Environment (8.0_401) (build 1.8.0_401-b10)
# Java VM: Java HotSpot(TM) 64-Bit Server VM (25.401-b10 mixed mode windows-amd64 compressed oops)
Heap:
 PSYoungGen      total 662016K, used 432062K [0x00000000d5580000, 0x00000000ffe80000, 0x0000000100000000)
  eden space 658432K, 65% used [0x00000000d5580000,0x00000000ef986d18,0x00000000fd880000)
  from space 3584K, 78% used [0x00000000fdc80000,0x00000000fdf40000,0x00000000fe000000)
  to   space 4096K, 0% used [0x00000000fd880000,0x00000000fd880000,0x00000000fdc80000)
 ParOldGen       total 87552K, used 32928K [0x0000000080000000, 0x0000000085580000, 0x00000000d5580000)
  object space 87552K, 37% used [0x0000000080000000,0x00000000820280a0,0x0000000085580000)
 Metaspace       used 63787K, capacity 89973K, committed 90112K, reserved 1107968K
  class space    used 22179K, capacity 30666K, committed 30720K, reserved 1048576K
GC Heap History (10 events):
Event: 8.717 GC heap before
{Heap before GC invocations=74 (full 23):
 PSYoungGen      total 428032K, used 427584K [0x00000000d5580000, 0x00000000fe400000, 0x0000000100000000)
  eden space 427008K, 100% used [0x00000000d5580000,0x00000000ef680000,0x00000000ef680000)
  from space 1024K, 56% used [0x00000000fe300000,0x00000000fe390000,0x00000000fe400000)
  to   space 4096K, 0% used [0x00000000fdc00000,0x00000000fdc00000,0x00000000fe000000)
 ParOldGen       total 87552K, used 33839K [0x0000000080000000, 0x0000000085580000, 0x00000000d5580000)
  object space 87552K, 38% used [0x0000000080000000,0x000000008210bd90,0x0000000085580000)
 Metaspace       used 63678K, capacity 89885K, committed 90112K, reserved 1107968K
  class space    used 22174K, capacity 30666K, committed 30720K, reserved 1048576K
Event: 8.720 GC heap after
Heap after GC invocations=74 (full 23):
 PSYoungGen      total 408576K, used 544K [0x00000000d5580000, 0x00000000fe380000, 0x0000000100000000)
  eden space 407552K, 0% used [0x00000000d5580000,0x00000000d5580000,0x00000000ee380000)
  from space 1024K, 53% used [0x00000000fdc00000,0x00000000fdc88000,0x00000000fdd00000)
  to   space 4096K, 0% used [0x00000000fdf80000,0x00000000fdf80000,0x00000000fe380000)
 ParOldGen       total 87552K, used 34215K [0x0000000080000000, 0x0000000085580000, 0x00000000d5580000)
  object space 87552K, 39% used [0x0000000080000000,0x0000000082169d90,0x0000000085580000)
 Metaspace       used 63678K, capacity 89885K, committed 90112K, reserved 1107968K
  class space    used 22174K, capacity 30666K, committed 30720K, reserved 1048576K
}
Event: 8.824 GC heap before
{Heap before GC invocations=75 (full 23):
 PSYoungGen      total 408576K, used 408096K [0x00000000d5580000, 0x00000000fe380000, 0x0000000100000000)
  eden space 407552K, 100% used [0x00000000d5580000,0x00000000ee380000,0x00000000ee380000)
  from space 1024K, 53% used [0x00000000fdc00000,0x00000000fdc88000,0x00000000fdd00000)
  to   space 4096K, 0% used [0x00000000fdf80000,0x00000000fdf80000,0x00000000fe380000)
 ParOldGen       total 87552K, used 34215K [0x0000000080000000, 0x0000000085580000, 0x00000000d5580000)
  object space 87552K, 39% used [0x0000000080000000,0x0000000082169d90,0x0000000085580000)
 Metaspace       used 63711K, capacity 89889K, committed 90112K, reserved 1107968K
  class space    used 22174K, capacity 30666K, committed 30720K, reserved 1048576K
Event: 8.827 GC heap after
Heap after GC invocations=75 (full 23):
 PSYoungGen      total 531968K, used 1568K [0x00000000d5580000, 0x00000000fe180000, 0x0000000100000000)
  eden space 529920K, 0% used [0x00000000d5580000,0x00000000d5580000,0x00000000f5b00000)
  from space 2048K, 76% used [0x00000000fdf80000,0x00000000fe108000,0x00000000fe180000)
  to   space 4096K, 0% used [0x00000000fd980000,0x00000000fd980000,0x00000000fdd80000)
 ParOldGen       total 87552K, used 34439K [0x0000000080000000, 0x0000000085580000, 0x00000000d5580000)
  object space 87552K, 39% used [0x0000000080000000,0x00000000821a1d90,0x0000000085580000)
 Metaspace       used 63711K, capacity 89889K, committed 90112K, reserved 1107968K
  class space    used 22174K, capacity 30666K, committed 30720K, reserved 1048576K
}
Event: 8.846 GC heap before
{Heap before GC invocations=76 (full 23):
 PSYoungGen      total 531968K, used 211455K [0x00000000d5580000, 0x00000000fe180000, 0x0000000100000000)
  eden space 529920K, 39% used [0x00000000d5580000,0x00000000e2277fb0,0x00000000f5b00000)
  from space 2048K, 76% used [0x00000000fdf80000,0x00000000fe108000,0x00000000fe180000)
  to   space 4096K, 0% used [0x00000000fd980000,0x00000000fd980000,0x00000000fdd80000)
 ParOldGen       total 87552K, used 34439K [0x0000000080000000, 0x0000000085580000, 0x00000000d5580000)
  object space 87552K, 39% used [0x0000000080000000,0x00000000821a1d90,0x0000000085580000)
 Metaspace       used 63719K, capacity 89889K, committed 90112K, reserved 1107968K
  class space    used 22174K, capacity 30666K, committed 30720K, reserved 1048576K
Event: 8.849 GC heap after
Heap after GC invocations=76 (full 23):
 PSYoungGen      total 530944K, used 768K [0x00000000d5580000, 0x00000000fe000000, 0x0000000100000000)
  eden space 529920K, 0% used [0x00000000d5580000,0x00000000d5580000,0x00000000f5b00000)
  from space 1024K, 75% used [0x00000000fd980000,0x00000000fda40000,0x00000000fda80000)
  to   space 3584K, 0% used [0x00000000fdc80000,0x00000000fdc80000,0x00000000fe000000)
 ParOldGen       total 87552K, used 35695K [0x0000000080000000, 0x0000000085580000, 0x00000000d5580000)
  object space 87552K, 40% used [0x0000000080000000,0x00000000822dbd90,0x0000000085580000)
 Metaspace       used 63719K, capacity 89889K, committed 90112K, reserved 1107968K
  class space    used 22174K, capacity 30666K, committed 30720K, reserved 1048576K
}
Event: 8.849 GC heap before
{Heap before GC invocations=77 (full 24):
 PSYoungGen      total 530944K, used 768K [0x00000000d5580000, 0x00000000fe000000, 0x0000000100000000)
  eden space 529920K, 0% used [0x00000000d5580000,0x00000000d5580000,0x00000000f5b00000)
  from space 1024K, 75% used [0x00000000fd980000,0x00000000fda40000,0x00000000fda80000)
  to   space 3584K, 0% used [0x00000000fdc80000,0x00000000fdc80000,0x00000000fe000000)
 ParOldGen       total 87552K, used 35695K [0x0000000080000000, 0x0000000085580000, 0x00000000d5580000)
  object space 87552K, 40% used [0x0000000080000000,0x00000000822dbd90,0x0000000085580000)
 Metaspace       used 63719K, capacity 89889K, committed 90112K, reserved 1107968K
  class space    used 22174K, capacity 30666K, committed 30720K, reserved 1048576K
Event: 8.962 GC heap after
Heap after GC invocations=77 (full 24):
 PSYoungGen      total 530944K, used 0K [0x00000000d5580000, 0x00000000fe000000, 0x0000000100000000)
  eden space 529920K, 0% used [0x00000000d5580000,0x00000000d5580000,0x00000000f5b00000)
  from space 1024K, 0% used [0x00000000fd980000,0x00000000fd980000,0x00000000fda80000)
  to   space 3584K, 0% used [0x00000000fdc80000,0x00000000fdc80000,0x00000000fe000000)
 ParOldGen       total 87552K, used 32928K [0x0000000080000000, 0x0000000085580000, 0x00000000d5580000)
  object space 87552K, 37% used [0x0000000080000000,0x00000000820280a0,0x0000000085580000)
 Metaspace       used 63719K, capacity 89889K, committed 90112K, reserved 1107968K
  class space    used 22174K, capacity 30666K, committed 30720K, reserved 1048576K
}
Event: 9.086 GC heap before
{Heap before GC invocations=78 (full 24):
 PSYoungGen      total 530944K, used 529920K [0x00000000d5580000, 0x00000000fe000000, 0x0000000100000000)
  eden space 529920K, 100% used [0x00000000d5580000,0x00000000f5b00000,0x00000000f5b00000)
  from space 1024K, 0% used [0x00000000fd980000,0x00000000fd980000,0x00000000fda80000)
  to   space 3584K, 0% used [0x00000000fdc80000,0x00000000fdc80000,0x00000000fe000000)
 ParOldGen       total 87552K, used 32928K [0x0000000080000000, 0x0000000085580000, 0x00000000d5580000)
  object space 87552K, 37% used [0x0000000080000000,0x00000000820280a0,0x0000000085580000)
 Metaspace       used 63775K, capacity 89973K, committed 90112K, reserved 1107968K
  class space    used 22176K, capacity 30666K, committed 30720K, reserved 1048576K
Event: 9.090 GC heap after
Heap after GC invocations=78 (full 24):
 PSYoungGen      total 662016K, used 2816K [0x00000000d5580000, 0x00000000ffe80000, 0x0000000100000000)
  eden space 658432K, 0% used [0x00000000d5580000,0x00000000d5580000,0x00000000fd880000)
  from space 3584K, 78% used [0x00000000fdc80000,0x00000000fdf40000,0x00000000fe000000)
  to   space 4096K, 0% used [0x00000000fd880000,0x00000000fd880000,0x00000000fdc80000)
 ParOldGen       total 87552K, used 32928K [0x0000000080000000, 0x0000000085580000, 0x00000000d5580000)
  object space 87552K, 37% used [0x0000000080000000,0x00000000820280a0,0x0000000085580000)
 Metaspace       used 63775K, capacity 89973K, committed 90112K, reserved 1107968K
  class space    used 22176K, capacity 30666K, committed 30720K, reserved 1048576K
}

